λ  algorithms git:(master) time ./benchmark.sh bst_iter
# # # # # # # # # # # # # # # # # # # #
#     TESTING bst_iter            #
# # # # # # # # # # # # # # # # # # # #
# # # # # # # # # # # # # # # # # # # #
#             COMPILING               #
# # # # # # # # # # # # # # # # # # # #
make: Circular Makefile.out <- Makefile dependency dropped.
rm -rf bin/
mkdir -p bin
gcc bst_iter/test.c bst_iter/bst_iter.c testlib.c stack.c -Wall -g -o bin/bst_iter.out
# # # # # # # # # # # # # # # # # # # #
#           VALGRIND TESTS            #
# # # # # # # # # # # # # # # # # # # #
==24127== Memcheck, a memory error detector
==24127== Copyright (C) 2002-2017, and GNU GPL'd, by Julian Seward et al.
==24127== Using Valgrind-3.13.0 and LibVEX; rerun with -h for copyright info
==24127== Command: ././bin/bst_iter.out
==24127==
--24127-- Valgrind options:
--24127--    --leak-check=full
--24127--    --show-leak-kinds=all
--24127--    --track-origins=yes
--24127--    --verbose
--24127-- Contents of /proc/version:
--24127--   Linux version 5.4.0-53-generic (buildd@lgw01-amd64-046) (gcc version 7.5.0 (Ubuntu 7.5.0-3ubuntu1~18.04)) #59~18.04.1-Ubuntu SMP Wed Oct 21 12:14:56 UTC 2020
--24127--
--24127-- Arch and hwcaps: AMD64, LittleEndian, amd64-cx16-lzcnt-rdtscp-sse3-avx-avx2-bmi
--24127-- Page sizes: currently 4096, max supported 4096
--24127-- Valgrind library directory: /usr/lib/valgrind
--24127-- Reading syms from /home/matt/git/algorithms/bin/bst_iter.out
--24127-- Reading syms from /lib/x86_64-linux-gnu/ld-2.27.so
--24127--   Considering /lib/x86_64-linux-gnu/ld-2.27.so ..
--24127--   .. CRC mismatch (computed ac9397f6 wanted d0d82632)
--24127--   Considering /usr/lib/debug/lib/x86_64-linux-gnu/ld-2.27.so ..
--24127--   .. CRC is valid
--24127-- Reading syms from /usr/lib/valgrind/memcheck-amd64-linux
--24127--   Considering /usr/lib/valgrind/memcheck-amd64-linux ..
--24127--   .. CRC mismatch (computed 41ddb025 wanted 9972f546)
--24127--    object doesn't have a symbol table
--24127--    object doesn't have a dynamic symbol table
--24127-- Scheduler: using generic scheduler lock implementation.
--24127-- Reading suppressions file: /usr/lib/valgrind/default.supp
==24127== embedded gdbserver: reading from /tmp/vgdb-pipe-from-vgdb-to-24127-by-matt-on-???
==24127== embedded gdbserver: writing to   /tmp/vgdb-pipe-to-vgdb-from-24127-by-matt-on-???
==24127== embedded gdbserver: shared mem   /tmp/vgdb-pipe-shared-mem-vgdb-24127-by-matt-on-???
==24127==
==24127== TO CONTROL THIS PROCESS USING vgdb (which you probably
==24127== don't want to do, unless you know exactly what you're doing,
==24127== or are doing some strange experiment):
==24127==   /usr/lib/valgrind/../../bin/vgdb --pid=24127 ...command...
==24127==
==24127== TO DEBUG THIS PROCESS USING GDB: start GDB like this
==24127==   /path/to/gdb ././bin/bst_iter.out
==24127== and then give GDB the following command
==24127==   target remote | /usr/lib/valgrind/../../bin/vgdb --pid=24127
==24127== --pid is optional if only one valgrind process is running
==24127==
--24127-- REDIR: 0x401f320 (ld-linux-x86-64.so.2:strlen) redirected to 0x580608c1 (???)
--24127-- REDIR: 0x401f100 (ld-linux-x86-64.so.2:index) redirected to 0x580608db (???)
--24127-- Reading syms from /usr/lib/valgrind/vgpreload_core-amd64-linux.so
--24127--   Considering /usr/lib/valgrind/vgpreload_core-amd64-linux.so ..
--24127--   .. CRC mismatch (computed 50df1b30 wanted 4800a4cf)
--24127--    object doesn't have a symbol table
--24127-- Reading syms from /usr/lib/valgrind/vgpreload_memcheck-amd64-linux.so
--24127--   Considering /usr/lib/valgrind/vgpreload_memcheck-amd64-linux.so ..
--24127--   .. CRC mismatch (computed f893b962 wanted 95ee359e)
--24127--    object doesn't have a symbol table
==24127== WARNING: new redirection conflicts with existing -- ignoring it
--24127--     old: 0x0401f320 (strlen              ) R-> (0000.0) 0x580608c1 ???
--24127--     new: 0x0401f320 (strlen              ) R-> (2007.0) 0x04c32db0 strlen
--24127-- REDIR: 0x401d390 (ld-linux-x86-64.so.2:strcmp) redirected to 0x4c33ee0 (strcmp)
--24127-- REDIR: 0x401f860 (ld-linux-x86-64.so.2:mempcpy) redirected to 0x4c374f0 (mempcpy)
--24127-- Reading syms from /lib/x86_64-linux-gnu/libc-2.27.so
--24127--   Considering /lib/x86_64-linux-gnu/libc-2.27.so ..
--24127--   .. CRC mismatch (computed c2c067b2 wanted d73adc7f)
--24127--   Considering /usr/lib/debug/lib/x86_64-linux-gnu/libc-2.27.so ..
--24127--   .. CRC is valid
--24127-- REDIR: 0x4edace0 (libc.so.6:memmove) redirected to 0x4a2a6e0 (_vgnU_ifunc_wrapper)
--24127-- REDIR: 0x4ed9db0 (libc.so.6:strncpy) redirected to 0x4a2a6e0 (_vgnU_ifunc_wrapper)
--24127-- REDIR: 0x4edafc0 (libc.so.6:strcasecmp) redirected to 0x4a2a6e0 (_vgnU_ifunc_wrapper)
--24127-- REDIR: 0x4ed9800 (libc.so.6:strcat) redirected to 0x4a2a6e0 (_vgnU_ifunc_wrapper)
--24127-- REDIR: 0x4ed9de0 (libc.so.6:rindex) redirected to 0x4a2a6e0 (_vgnU_ifunc_wrapper)
--24127-- REDIR: 0x4edc830 (libc.so.6:rawmemchr) redirected to 0x4a2a6e0 (_vgnU_ifunc_wrapper)
--24127-- REDIR: 0x4edae50 (libc.so.6:mempcpy) redirected to 0x4a2a6e0 (_vgnU_ifunc_wrapper)
--24127-- REDIR: 0x4edac80 (libc.so.6:bcmp) redirected to 0x4a2a6e0 (_vgnU_ifunc_wrapper)
--24127-- REDIR: 0x4ed9d70 (libc.so.6:strncmp) redirected to 0x4a2a6e0 (_vgnU_ifunc_wrapper)
--24127-- REDIR: 0x4ed9870 (libc.so.6:strcmp) redirected to 0x4a2a6e0 (_vgnU_ifunc_wrapper)
--24127-- REDIR: 0x4edadb0 (libc.so.6:memset) redirected to 0x4a2a6e0 (_vgnU_ifunc_wrapper)
--24127-- REDIR: 0x4ef8160 (libc.so.6:wcschr) redirected to 0x4a2a6e0 (_vgnU_ifunc_wrapper)
--24127-- REDIR: 0x4ed9d10 (libc.so.6:strnlen) redirected to 0x4a2a6e0 (_vgnU_ifunc_wrapper)
--24127-- REDIR: 0x4ed98e0 (libc.so.6:strcspn) redirected to 0x4a2a6e0 (_vgnU_ifunc_wrapper)
--24127-- REDIR: 0x4edb010 (libc.so.6:strncasecmp) redirected to 0x4a2a6e0 (_vgnU_ifunc_wrapper)
--24127-- REDIR: 0x4ed98b0 (libc.so.6:strcpy) redirected to 0x4a2a6e0 (_vgnU_ifunc_wrapper)
--24127-- REDIR: 0x4edb150 (libc.so.6:memcpy@@GLIBC_2.14) redirected to 0x4a2a6e0 (_vgnU_ifunc_wrapper)
--24127-- REDIR: 0x4ed9e10 (libc.so.6:strpbrk) redirected to 0x4a2a6e0 (_vgnU_ifunc_wrapper)
--24127-- REDIR: 0x4ed9830 (libc.so.6:index) redirected to 0x4a2a6e0 (_vgnU_ifunc_wrapper)
--24127-- REDIR: 0x4ed9ce0 (libc.so.6:strlen) redirected to 0x4a2a6e0 (_vgnU_ifunc_wrapper)
--24127-- REDIR: 0x4ee4730 (libc.so.6:memrchr) redirected to 0x4a2a6e0 (_vgnU_ifunc_wrapper)
--24127-- REDIR: 0x4edb060 (libc.so.6:strcasecmp_l) redirected to 0x4a2a6e0 (_vgnU_ifunc_wrapper)
--24127-- REDIR: 0x4edac50 (libc.so.6:memchr) redirected to 0x4a2a6e0 (_vgnU_ifunc_wrapper)
--24127-- REDIR: 0x4ef8f20 (libc.so.6:wcslen) redirected to 0x4a2a6e0 (_vgnU_ifunc_wrapper)
--24127-- REDIR: 0x4eda0c0 (libc.so.6:strspn) redirected to 0x4a2a6e0 (_vgnU_ifunc_wrapper)
--24127-- REDIR: 0x4edaf90 (libc.so.6:stpncpy) redirected to 0x4a2a6e0 (_vgnU_ifunc_wrapper)
--24127-- REDIR: 0x4edaf60 (libc.so.6:stpcpy) redirected to 0x4a2a6e0 (_vgnU_ifunc_wrapper)
--24127-- REDIR: 0x4edc860 (libc.so.6:strchrnul) redirected to 0x4a2a6e0 (_vgnU_ifunc_wrapper)
--24127-- REDIR: 0x4edb0b0 (libc.so.6:strncasecmp_l) redirected to 0x4a2a6e0 (_vgnU_ifunc_wrapper)
--24127-- REDIR: 0x4fca630 (libc.so.6:__strrchr_avx2) redirected to 0x4c32730 (rindex)
--24127-- REDIR: 0x4ed30e0 (libc.so.6:malloc) redirected to 0x4c2faa0 (malloc)
--24127-- REDIR: 0x4ed39c0 (libc.so.6:free) redirected to 0x4c30cd0 (free)
--24127-- REDIR: 0x4fca440 (libc.so.6:__strchrnul_avx2) redirected to 0x4c37020 (strchrnul)
--24127-- REDIR: 0x4fcad40 (libc.so.6:__memcpy_avx_unaligned_erms) redirected to 0x4c366e0 (memmove)
--24127-- REDIR: 0x4fca800 (libc.so.6:__strlen_avx2) redirected to 0x4c32cf0 (strlen)
--24127-- REDIR: 0x4fcad20 (libc.so.6:__mempcpy_avx_unaligned_erms) redirected to 0x4c37130 (mempcpy)
time: 296165201.000000
==24127==
==24127== HEAP SUMMARY:
==24127==     in use at exit: 0 bytes in 0 blocks
==24127==   total heap usage: 10,000,004 allocs, 10,000,004 frees, 320,001,056 bytes allocated
==24127==
==24127== All heap blocks were freed -- no leaks are possible
==24127==
==24127== ERROR SUMMARY: 0 errors from 0 contexts (suppressed: 0 from 0)
==24127== ERROR SUMMARY: 0 errors from 0 contexts (suppressed: 0 from 0)
# # # # # # # # # # # # # # # # # # # #
#           RUNNING TESTS             #
# # # # # # # # # # # # # # # # # # # #
./benchmark.sh: line 23: ./bin/bst_iter.out: No such file or directory

real	0m0.000s
user	0m0.000s
sys	0m0.000s
./benchmark.sh: line 23: ./bin/bst_iter.out: No such file or directory

real	0m0.000s
user	0m0.000s
sys	0m0.000s
./benchmark.sh: line 23: ./bin/bst_iter.out: No such file or directory

real	0m0.000s
user	0m0.000s
sys	0m0.000s
./benchmark.sh: line 23: ./bin/bst_iter.out: No such file or directory

real	0m0.000s
user	0m0.000s
sys	0m0.000s
./benchmark.sh: line 23: ./bin/bst_iter.out: No such file or directory

real	0m0.000s
user	0m0.000s
sys	0m0.000s
./benchmark.sh: line 23: ./bin/bst_iter.out: No such file or directory

real	0m0.000s
user	0m0.000s
sys	0m0.000s
./benchmark.sh: line 23: ./bin/bst_iter.out: No such file or directory

real	0m0.000s
user	0m0.000s
sys	0m0.000s
./benchmark.sh: line 23: ./bin/bst_iter.out: No such file or directory

real	0m0.000s
user	0m0.000s
sys	0m0.000s
./benchmark.sh: line 23: ./bin/bst_iter.out: No such file or directory

real	0m0.000s
user	0m0.000s
sys	0m0.000s
./benchmark.sh: line 23: ./bin/bst_iter.out: No such file or directory

real	0m0.000s
user	0m0.000s
sys	0m0.000s
./benchmark.sh: line 23: ./bin/bst_iter.out: No such file or directory

real	0m0.000s
user	0m0.000s
sys	0m0.000s
./benchmark.sh bst_iter  305.19s user 1.30s system 99% cpu 5:06.49 total
