λ  algorithms git:(master) time ./benchmark.sh bst_recur
# # # # # # # # # # # # # # # # # # # #
#     TESTING bst_recur            #
# # # # # # # # # # # # # # # # # # # #
# # # # # # # # # # # # # # # # # # # #
#             COMPILING               #
# # # # # # # # # # # # # # # # # # # #
make: Circular Makefile.out <- Makefile dependency dropped.
rm -rf bin/
mkdir -p bin
gcc bst_recur/test.c bst_recur/bst_recur.c testlib.c stack.c -Wall -g -o bin/bst_recur.out
# # # # # # # # # # # # # # # # # # # #
#           VALGRIND TESTS            #
# # # # # # # # # # # # # # # # # # # #
==24149== Memcheck, a memory error detector
==24149== Copyright (C) 2002-2017, and GNU GPL'd, by Julian Seward et al.
==24149== Using Valgrind-3.13.0 and LibVEX; rerun with -h for copyright info
==24149== Command: ././bin/bst_recur.out
==24149==
--24149-- Valgrind options:
--24149--    --leak-check=full
--24149--    --show-leak-kinds=all
--24149--    --track-origins=yes
--24149--    --verbose
--24149-- Contents of /proc/version:
--24149--   Linux version 5.4.0-53-generic (buildd@lgw01-amd64-046) (gcc version 7.5.0 (Ubuntu 7.5.0-3ubuntu1~18.04)) #59~18.04.1-Ubuntu SMP Wed Oct 21 12:14:56 UTC 2020
--24149--
--24149-- Arch and hwcaps: AMD64, LittleEndian, amd64-cx16-lzcnt-rdtscp-sse3-avx-avx2-bmi
--24149-- Page sizes: currently 4096, max supported 4096
--24149-- Valgrind library directory: /usr/lib/valgrind
--24149-- Reading syms from /home/matt/git/algorithms/bin/bst_recur.out
--24149-- Reading syms from /lib/x86_64-linux-gnu/ld-2.27.so
--24149--   Considering /lib/x86_64-linux-gnu/ld-2.27.so ..
--24149--   .. CRC mismatch (computed ac9397f6 wanted d0d82632)
--24149--   Considering /usr/lib/debug/lib/x86_64-linux-gnu/ld-2.27.so ..
--24149--   .. CRC is valid
--24149-- Reading syms from /usr/lib/valgrind/memcheck-amd64-linux
--24149--   Considering /usr/lib/valgrind/memcheck-amd64-linux ..
--24149--   .. CRC mismatch (computed 41ddb025 wanted 9972f546)
--24149--    object doesn't have a symbol table
--24149--    object doesn't have a dynamic symbol table
--24149-- Scheduler: using generic scheduler lock implementation.
--24149-- Reading suppressions file: /usr/lib/valgrind/default.supp
==24149== embedded gdbserver: reading from /tmp/vgdb-pipe-from-vgdb-to-24149-by-matt-on-???
==24149== embedded gdbserver: writing to   /tmp/vgdb-pipe-to-vgdb-from-24149-by-matt-on-???
==24149== embedded gdbserver: shared mem   /tmp/vgdb-pipe-shared-mem-vgdb-24149-by-matt-on-???
==24149==
==24149== TO CONTROL THIS PROCESS USING vgdb (which you probably
==24149== don't want to do, unless you know exactly what you're doing,
==24149== or are doing some strange experiment):
==24149==   /usr/lib/valgrind/../../bin/vgdb --pid=24149 ...command...
==24149==
==24149== TO DEBUG THIS PROCESS USING GDB: start GDB like this
==24149==   /path/to/gdb ././bin/bst_recur.out
==24149== and then give GDB the following command
==24149==   target remote | /usr/lib/valgrind/../../bin/vgdb --pid=24149
==24149== --pid is optional if only one valgrind process is running
==24149==
--24149-- REDIR: 0x401f320 (ld-linux-x86-64.so.2:strlen) redirected to 0x580608c1 (???)
--24149-- REDIR: 0x401f100 (ld-linux-x86-64.so.2:index) redirected to 0x580608db (???)
--24149-- Reading syms from /usr/lib/valgrind/vgpreload_core-amd64-linux.so
--24149--   Considering /usr/lib/valgrind/vgpreload_core-amd64-linux.so ..
--24149--   .. CRC mismatch (computed 50df1b30 wanted 4800a4cf)
--24149--    object doesn't have a symbol table
--24149-- Reading syms from /usr/lib/valgrind/vgpreload_memcheck-amd64-linux.so
--24149--   Considering /usr/lib/valgrind/vgpreload_memcheck-amd64-linux.so ..
--24149--   .. CRC mismatch (computed f893b962 wanted 95ee359e)
--24149--    object doesn't have a symbol table
==24149== WARNING: new redirection conflicts with existing -- ignoring it
--24149--     old: 0x0401f320 (strlen              ) R-> (0000.0) 0x580608c1 ???
--24149--     new: 0x0401f320 (strlen              ) R-> (2007.0) 0x04c32db0 strlen
--24149-- REDIR: 0x401d390 (ld-linux-x86-64.so.2:strcmp) redirected to 0x4c33ee0 (strcmp)
--24149-- REDIR: 0x401f860 (ld-linux-x86-64.so.2:mempcpy) redirected to 0x4c374f0 (mempcpy)
--24149-- Reading syms from /lib/x86_64-linux-gnu/libc-2.27.so
--24149--   Considering /lib/x86_64-linux-gnu/libc-2.27.so ..
--24149--   .. CRC mismatch (computed c2c067b2 wanted d73adc7f)
--24149--   Considering /usr/lib/debug/lib/x86_64-linux-gnu/libc-2.27.so ..
--24149--   .. CRC is valid
--24149-- REDIR: 0x4edace0 (libc.so.6:memmove) redirected to 0x4a2a6e0 (_vgnU_ifunc_wrapper)
--24149-- REDIR: 0x4ed9db0 (libc.so.6:strncpy) redirected to 0x4a2a6e0 (_vgnU_ifunc_wrapper)
--24149-- REDIR: 0x4edafc0 (libc.so.6:strcasecmp) redirected to 0x4a2a6e0 (_vgnU_ifunc_wrapper)
--24149-- REDIR: 0x4ed9800 (libc.so.6:strcat) redirected to 0x4a2a6e0 (_vgnU_ifunc_wrapper)
--24149-- REDIR: 0x4ed9de0 (libc.so.6:rindex) redirected to 0x4a2a6e0 (_vgnU_ifunc_wrapper)
--24149-- REDIR: 0x4edc830 (libc.so.6:rawmemchr) redirected to 0x4a2a6e0 (_vgnU_ifunc_wrapper)
--24149-- REDIR: 0x4edae50 (libc.so.6:mempcpy) redirected to 0x4a2a6e0 (_vgnU_ifunc_wrapper)
--24149-- REDIR: 0x4edac80 (libc.so.6:bcmp) redirected to 0x4a2a6e0 (_vgnU_ifunc_wrapper)
--24149-- REDIR: 0x4ed9d70 (libc.so.6:strncmp) redirected to 0x4a2a6e0 (_vgnU_ifunc_wrapper)
--24149-- REDIR: 0x4ed9870 (libc.so.6:strcmp) redirected to 0x4a2a6e0 (_vgnU_ifunc_wrapper)
--24149-- REDIR: 0x4edadb0 (libc.so.6:memset) redirected to 0x4a2a6e0 (_vgnU_ifunc_wrapper)
--24149-- REDIR: 0x4ef8160 (libc.so.6:wcschr) redirected to 0x4a2a6e0 (_vgnU_ifunc_wrapper)
--24149-- REDIR: 0x4ed9d10 (libc.so.6:strnlen) redirected to 0x4a2a6e0 (_vgnU_ifunc_wrapper)
--24149-- REDIR: 0x4ed98e0 (libc.so.6:strcspn) redirected to 0x4a2a6e0 (_vgnU_ifunc_wrapper)
--24149-- REDIR: 0x4edb010 (libc.so.6:strncasecmp) redirected to 0x4a2a6e0 (_vgnU_ifunc_wrapper)
--24149-- REDIR: 0x4ed98b0 (libc.so.6:strcpy) redirected to 0x4a2a6e0 (_vgnU_ifunc_wrapper)
--24149-- REDIR: 0x4edb150 (libc.so.6:memcpy@@GLIBC_2.14) redirected to 0x4a2a6e0 (_vgnU_ifunc_wrapper)
--24149-- REDIR: 0x4ed9e10 (libc.so.6:strpbrk) redirected to 0x4a2a6e0 (_vgnU_ifunc_wrapper)
--24149-- REDIR: 0x4ed9830 (libc.so.6:index) redirected to 0x4a2a6e0 (_vgnU_ifunc_wrapper)
--24149-- REDIR: 0x4ed9ce0 (libc.so.6:strlen) redirected to 0x4a2a6e0 (_vgnU_ifunc_wrapper)
--24149-- REDIR: 0x4ee4730 (libc.so.6:memrchr) redirected to 0x4a2a6e0 (_vgnU_ifunc_wrapper)
--24149-- REDIR: 0x4edb060 (libc.so.6:strcasecmp_l) redirected to 0x4a2a6e0 (_vgnU_ifunc_wrapper)
--24149-- REDIR: 0x4edac50 (libc.so.6:memchr) redirected to 0x4a2a6e0 (_vgnU_ifunc_wrapper)
--24149-- REDIR: 0x4ef8f20 (libc.so.6:wcslen) redirected to 0x4a2a6e0 (_vgnU_ifunc_wrapper)
--24149-- REDIR: 0x4eda0c0 (libc.so.6:strspn) redirected to 0x4a2a6e0 (_vgnU_ifunc_wrapper)
--24149-- REDIR: 0x4edaf90 (libc.so.6:stpncpy) redirected to 0x4a2a6e0 (_vgnU_ifunc_wrapper)
--24149-- REDIR: 0x4edaf60 (libc.so.6:stpcpy) redirected to 0x4a2a6e0 (_vgnU_ifunc_wrapper)
--24149-- REDIR: 0x4edc860 (libc.so.6:strchrnul) redirected to 0x4a2a6e0 (_vgnU_ifunc_wrapper)
--24149-- REDIR: 0x4edb0b0 (libc.so.6:strncasecmp_l) redirected to 0x4a2a6e0 (_vgnU_ifunc_wrapper)
--24149-- REDIR: 0x4fca630 (libc.so.6:__strrchr_avx2) redirected to 0x4c32730 (rindex)
--24149-- REDIR: 0x4ed30e0 (libc.so.6:malloc) redirected to 0x4c2faa0 (malloc)
--24149-- REDIR: 0x4ed39c0 (libc.so.6:free) redirected to 0x4c30cd0 (free)
--24149-- REDIR: 0x4fca440 (libc.so.6:__strchrnul_avx2) redirected to 0x4c37020 (strchrnul)
--24149-- REDIR: 0x4fcad40 (libc.so.6:__memcpy_avx_unaligned_erms) redirected to 0x4c366e0 (memmove)
--24149-- REDIR: 0x4fca800 (libc.so.6:__strlen_avx2) redirected to 0x4c32cf0 (strlen)
--24149-- REDIR: 0x4fcad20 (libc.so.6:__mempcpy_avx_unaligned_erms) redirected to 0x4c37130 (mempcpy)
time: 335973318.000000
==24149==
==24149== HEAP SUMMARY:
==24149==     in use at exit: 0 bytes in 0 blocks
==24149==   total heap usage: 10,000,002 allocs, 10,000,002 frees, 240,001,032 bytes allocated
==24149==
==24149== All heap blocks were freed -- no leaks are possible
==24149==
==24149== ERROR SUMMARY: 0 errors from 0 contexts (suppressed: 0 from 0)
==24149== ERROR SUMMARY: 0 errors from 0 contexts (suppressed: 0 from 0)
# # # # # # # # # # # # # # # # # # # #
#           RUNNING TESTS             #
# # # # # # # # # # # # # # # # # # # #
time: 11599043.000000

real	0m13.324s
user	0m13.221s
sys	0m0.100s
time: 11289351.000000

real	0m13.021s
user	0m12.889s
sys	0m0.132s
time: 11359338.000000

real	0m13.092s
user	0m12.995s
sys	0m0.096s
time: 11328113.000000

real	0m13.067s
user	0m12.955s
sys	0m0.112s
time: 11230710.000000

real	0m12.958s
user	0m12.850s
sys	0m0.108s
time: 11338927.000000

real	0m13.081s
user	0m12.941s
sys	0m0.140s
time: 11479861.000000

real	0m13.229s
user	0m13.101s
sys	0m0.128s
time: 11418479.000000

real	0m13.156s
user	0m13.049s
sys	0m0.096s
time: 11605840.000000

real	0m13.344s
user	0m13.201s
sys	0m0.140s
time: 11276366.000000

real	0m13.004s
user	0m12.906s
sys	0m0.096s
time: 11229755.000000

real	0m12.956s
user	0m12.841s
sys	0m0.112s
./benchmark.sh bst_recur  486.75s user 2.42s system 99% cpu 8:09.29 total
